[2026-01-07T17:55:29.105-06:00] [INFO] Foximan version: 0.5.137[0m
[2026-01-07T17:55:29.105-06:00] ############## OneDiag (f6b164f9152b509454f9a5ab3597846d028c660e) ##############[0m
[2026-01-07T17:55:29.105-06:00] Core version: 0.1.3-dev[0m
[2026-01-07T17:55:29.106-06:00] Core release date: 2025-11-04 10:57:14+0800[0m
[2026-01-07T17:55:29.106-06:00] OneDiag - FOXIMAN module version: 0.0.153[0m
[2026-01-07T17:55:29.106-06:00] OneDiag - FOXIMAN release date: 2025-12-08 16:06:49+0800[0m
[2026-01-07T17:55:29.106-06:00] FOXIMAN version: 0.5.137[0m
[2026-01-07T17:55:29.116-06:00] DHCP Server IP: 172.20.48.241[0m
[2026-01-07T17:55:29.116-06:00] ################################################################################[0m
[2026-01-07T17:55:29.116-06:00] [0m
[2026-01-07T17:55:29.117-06:00] [0m
[2026-01-07T17:55:29.117-06:00] [0m
[2026-01-07T17:55:29.117-06:00] [0m
[2026-01-07T17:55:29.117-06:00] [0m
[2026-01-07T17:55:29.117-06:00] G6 PN input: [1A72ELA00-36L-G][0m
[2026-01-07T17:55:29.117-06:00] G6 SN input: [MX-P1A72ELA26020423][0m
[2026-01-07T17:55:29.117-06:00] OPID input: [FXTE123][0m
[2026-01-07T17:55:29.118-06:00] MTF input: [MTF#18-7][0m
[2026-01-07T17:55:29.118-06:00] [0m
[2026-01-07T17:55:29.118-06:00] [0m
[2026-01-07T17:55:29.189-06:00] Checking controller: g6_foximan_init[0m
[2026-01-07T17:55:29.189-06:00] Found configuration file: configs/g6_foximan_init.yaml[0m
[2026-01-07T17:55:29.189-06:00] Found Python module: module/oracle/g6_foximan_init.py[0m
[2026-01-07T17:55:29.213-06:00] Verified: Function 'check_bash_prompt' exists in module/oracle/g6_foximan_init.py[0m
[2026-01-07T17:55:29.213-06:00] Verified: Function 'show_test_info' exists in module/oracle/g6_foximan_init.py[0m
[2026-01-07T17:55:29.213-06:00] Verified: Function 'run_foximan_init' exists in module/oracle/g6_foximan_init.py[0m
[2026-01-07T17:55:29.213-06:00] Verified: Function 'find_ilom_or_bmc_ip' exists in module/oracle/g6_foximan_init.py[0m
[2026-01-07T17:55:29.213-06:00] Verified: Function 'disable_i2c_polling' exists in module/oracle/g6_foximan_init.py[0m
[2026-01-07T17:55:29.213-06:00] Verified: Function 'load_G6_PDB_fru_bin' exists in module/oracle/g6_foximan_init.py[0m
[2026-01-07T17:55:29.214-06:00] Verified: Function 'write_and_verify_G6_PDB_fru_data_via_eeprom_blaster' exists in module/oracle/g6_foximan_init.py[0m
[2026-01-07T17:55:29.214-06:00] Verified: Function 'load_G6_PSB_fru_bin' exists in module/oracle/g6_foximan_init.py[0m
[2026-01-07T17:55:29.214-06:00] Verified: Function 'write_and_verify_G6_PSB_fru_data_via_eeprom_blaster' exists in module/oracle/g6_foximan_init.py[0m
[2026-01-07T17:55:29.214-06:00] Verified: Function 'load_G6_SP_fru_bin' exists in module/oracle/g6_foximan_init.py[0m
[2026-01-07T17:55:29.214-06:00] Verified: Function 'write_and_verify_G6_SP_fru_data_via_eeprom_blaster' exists in module/oracle/g6_foximan_init.py[0m
[2026-01-07T17:55:29.214-06:00] Verified: Function 'load_G6_BP_0_fru_bin' exists in module/oracle/g6_foximan_init.py[0m
[2026-01-07T17:55:29.214-06:00] Verified: Function 'write_and_verify_G6_BP_0_fru_data_via_eeprom_blaster' exists in module/oracle/g6_foximan_init.py[0m
[2026-01-07T17:55:29.214-06:00] Verified: Function 'load_G6_BP_1_fru_bin' exists in module/oracle/g6_foximan_init.py[0m
[2026-01-07T17:55:29.214-06:00] Verified: Function 'write_and_verify_G6_BP_1_fru_data_via_eeprom_blaster' exists in module/oracle/g6_foximan_init.py[0m
[2026-01-07T17:55:29.214-06:00] Verified: Function 'load_G6_BP_2_fru_bin' exists in module/oracle/g6_foximan_init.py[0m
[2026-01-07T17:55:29.214-06:00] Verified: Function 'write_and_verify_G6_BP_2_fru_data_via_eeprom_blaster' exists in module/oracle/g6_foximan_init.py[0m
[2026-01-07T17:55:29.214-06:00] Verified: Function 'load_G6_BP_3_fru_bin' exists in module/oracle/g6_foximan_init.py[0m
[2026-01-07T17:55:29.214-06:00] Verified: Function 'write_and_verify_G6_BP_3_fru_data_via_eeprom_blaster' exists in module/oracle/g6_foximan_init.py[0m
[2026-01-07T17:55:29.214-06:00] Verified: Function 'write_psb_empty_fru_bin' exists in module/oracle/g6_foximan_init.py[0m
[2026-01-07T17:55:29.214-06:00] Verified: Function 'write_pdb_empty_fru_bin' exists in module/oracle/g6_foximan_init.py[0m
[2026-01-07T17:55:29.214-06:00] Verified: Function 'write_sp_empty_fru_bin' exists in module/oracle/g6_foximan_init.py[0m
[2026-01-07T17:55:29.214-06:00] Verified: Function 'program_sp_mac_with_checksum' exists in module/oracle/g6_foximan_init.py[0m
[2026-01-07T17:55:29.214-06:00] Verified: Function 'set_system_identity_and_asset_tag' exists in module/oracle/g6_foximan_init.py[0m
[2026-01-07T17:55:29.214-06:00] Verified: Function 'program_v1r_fru_id' exists in module/oracle/g6_foximan_init.py[0m
[2026-01-07T17:55:29.214-06:00] Verified: Function 'enable_i2c_polling' exists in module/oracle/g6_foximan_init.py[0m
[2026-01-07T17:55:29.214-06:00] Verified: Function 'check_setassettag_result' exists in module/oracle/g6_foximan_init.py[0m
[2026-01-07T17:55:29.214-06:00] Verified: Function 'verify_fru_all' exists in module/oracle/g6_foximan_init.py[0m
[2026-01-07T17:55:29.214-06:00] [0m
[2026-01-07T17:55:29.214-06:00] All configuration checks passed successfully[0m
[2026-01-07T17:55:29.214-06:00] [0m
[2026-01-07T17:55:29.215-06:00] Fetching G6 SFC data for SN: MX-P1A72ELA26020423[0m
[2026-01-07T17:55:29.215-06:00] ========[0m
[2026-01-07T17:55:29.215-06:00] {[0m
[2026-01-07T17:55:29.215-06:00]   "SN": "MX-P1A72ELA26020423",[0m
[2026-01-07T17:55:29.215-06:00]   "STATION_ID": "SYSTEM",[0m
[2026-01-07T17:55:29.215-06:00]   "PROJECT": "ORACLE_G6-8HD"[0m
[2026-01-07T17:55:29.215-06:00] }[0m
[2026-01-07T17:55:29.215-06:00] ========[0m
[2026-01-07T17:55:29.918-06:00] Successfully fetched data from http://10.12.192.157:8001/SFCAPI/SFC/GetConfigurations[0m
[2026-01-07T17:55:29.939-06:00] G6 SFC data OK for SN: MX-P1A72ELA26020423, PN: 1A72ELA00-36L-G[0m
[2026-01-07T17:55:29.939-06:00] Running G6 process_start/check_route for SN: MX-P1A72ELA26020423[0m
[2026-01-07T17:55:29.939-06:00] ========[0m
[2026-01-07T17:55:29.940-06:00] {[0m
[2026-01-07T17:55:29.940-06:00]   "TimeStamp": "2026-01-07T17:55:28.515832-06:00",[0m
[2026-01-07T17:55:29.940-06:00]   "EQP_No": "INIT_TEST-MTF#18-7",[0m
[2026-01-07T17:55:29.940-06:00]   "Station_Name": "INIT_TEST",[0m
[2026-01-07T17:55:29.940-06:00]   "Emp_No": "FXTE123",[0m
[2026-01-07T17:55:29.940-06:00]   "Serial_Number": "MX-P1A72ELA26020423",[0m
[2026-01-07T17:55:29.940-06:00]   "Start_Time": "2026-01-07T23:55:28.515832+00:00",[0m
[2026-01-07T17:55:29.940-06:00]   "Result": "OK",[0m
[2026-01-07T17:55:29.940-06:00]   "Message": ""[0m
[2026-01-07T17:55:29.940-06:00] }[0m
[2026-01-07T17:55:29.940-06:00] curl -X POST -H 'Content-Type: application/json' -d '{"TimeStamp": "2026-01-07T17:55:28.515832-06:00", "EQP_No": "INIT_TEST-MTF#18-7", "Station_Name": "INIT_TEST", "Emp_No": "FXTE123", "Serial_Number": "MX-P1A72ELA26020423", "Start_Time": "2026-01-07T23:55:28.515832+00:00", "Result": "OK", "Message": ""}' 'http://10.12.192.157:8001/SFCAPI/SFC/ProcessStart'[0m
[2026-01-07T17:55:29.940-06:00] ========[0m
[2026-01-07T17:55:29.945-06:00] Successfully run TCCS process start at http://10.12.192.157:8001/SFCAPI/SFC/ProcessStart[0m
[2026-01-07T17:55:29.946-06:00] {'Code': '0', 'Message': ''}[0m
[2026-01-07T17:55:29.946-06:00] ========[0m
[2026-01-07T17:55:29.946-06:00] {[0m
[2026-01-07T17:55:29.946-06:00]   "SN": "MX-P1A72ELA26020423",[0m
[2026-01-07T17:55:29.946-06:00]   "STATION_ID": "INIT_TEST",[0m
[2026-01-07T17:55:29.946-06:00]   "EMP_NO": "FXTE123",[0m
[2026-01-07T17:55:29.946-06:00]   "MODEL_NAME": "1A72ELA00-36L-G"[0m
[2026-01-07T17:55:29.946-06:00] }[0m
[2026-01-07T17:55:29.946-06:00] curl -X POST -H 'Content-Type: application/json' -d '{"SN": "MX-P1A72ELA26020423", "STATION_ID": "INIT_TEST", "EMP_NO": "FXTE123", "MODEL_NAME": "1A72ELA00-36L-G"}' 'http://10.12.192.157:8001/SFCAPI/SFC/CheckRoute'[0m
[2026-01-07T17:55:29.946-06:00] ========[0m
[2026-01-07T17:55:29.970-06:00] Successfully checked route at http://10.12.192.157:8001/SFCAPI/SFC/CheckRoute[0m
[2026-01-07T17:55:29.970-06:00] {'RESULT': 'OK'}[0m
[2026-01-07T17:55:30.032-06:00] Base folder created: logs/20260107_175528.515_INGRASYS_MX-P1A72ELA26020423_L10_INIT[0m
[33m[2026-01-07T17:55:30.034-06:00] [0m
[33m[2026-01-07T17:55:30.034-06:00] [0m
[33m[2026-01-07T17:55:30.034-06:00] [0m
[33m[2026-01-07T17:55:30.034-06:00] ############################ Test Ended (pre-check) ############################[0m
[33m[2026-01-07T17:55:30.035-06:00] Test start: 2026-01-07T17:55:28.515832-06:00[0m
[33m[2026-01-07T17:55:30.035-06:00] Test end:   2026-01-07T17:55:30.034804-06:00[0m
[33m[2026-01-07T17:55:30.035-06:00] Test duration: 00:00:1.518972[0m
[33m[2026-01-07T17:55:30.035-06:00] [0m
[33m[2026-01-07T17:55:30.035-06:00] --------------------------------- Test Result ----------------------------------[0m
[31m[2026-01-07T17:55:30.035-06:00] Pre-check stage failed at: G6 MAC collection[0m
[33m[2026-01-07T17:55:30.037-06:00] [0m
[1m[31m[2026-01-07T17:55:30.037-06:00] ########    ###    #### ##          #### ####[0m
[1m[31m[2026-01-07T17:55:30.037-06:00] ##         ## ##    ##  ##          #### ####[0m
[1m[31m[2026-01-07T17:55:30.037-06:00] ##        ##   ##   ##  ##          #### ####[0m
[1m[31m[2026-01-07T17:55:30.037-06:00] ######   ##     ##  ##  ##           ##   ##[0m
[1m[31m[2026-01-07T17:55:30.037-06:00] ##       #########  ##  ##[0m
[1m[31m[2026-01-07T17:55:30.037-06:00] ##       ##     ##  ##  ##          #### ####[0m
[1m[31m[2026-01-07T17:55:30.037-06:00] ##       ##     ## #### ########    #### ####[0m
[1m[31m[2026-01-07T17:55:30.037-06:00] [0m
[31m[2026-01-07T17:55:30.037-06:00] All errors encountered during pre-check:[0m
[31m[2026-01-07T17:55:30.037-06:00] Exception while collecting G6 MAC addresses from SFC data: IndexError('list index out of range')[0m
[2026-01-07T17:55:30.037-06:00] Updating G6 test log for SN: MX-P1A72ELA26020423[0m
[2026-01-07T17:55:30.037-06:00] ========[0m
[2026-01-07T17:55:30.037-06:00] {[0m
[2026-01-07T17:55:30.037-06:00]   "SN": "MX-P1A72ELA26020423",[0m
[2026-01-07T17:55:30.037-06:00]   "STATION_ID": "INIT_TEST",[0m
[2026-01-07T17:55:30.037-06:00]   "EMP_NO": "FXTE123",[0m
[2026-01-07T17:55:30.037-06:00]   "EQP_NO": "INIT_TEST-MTF#18-7",[0m
[2026-01-07T17:55:30.038-06:00]   "RESULT": "FAIL",[0m
[2026-01-07T17:55:30.038-06:00]   "START_DATE": "2026/01/07 17:55:28",[0m
[2026-01-07T17:55:30.038-06:00]   "END_DATE": "2026/01/07 17:55:30",[0m
[2026-01-07T17:55:30.038-06:00]   "EC": "",[0m
[2026-01-07T17:55:30.038-06:00]   "EC_DETAIL": {}[0m
[2026-01-07T17:55:30.038-06:00] }[0m
[2026-01-07T17:55:30.038-06:00] curl -X POST -H 'Content-Type: application/json' -d '{"SN": "MX-P1A72ELA26020423", "STATION_ID": "INIT_TEST", "EMP_NO": "FXTE123", "EQP_NO": "INIT_TEST-MTF#18-7", "RESULT": "FAIL", "START_DATE": "2026/01/07 17:55:28", "END_DATE": "2026/01/07 17:55:30", "EC": "", "EC_DETAIL": {}}' 'http://10.12.192.157:8001/SFCAPI/SFC/UpdateTestLog'[0m
[2026-01-07T17:55:30.038-06:00] ========[0m
[2026-01-07T17:55:30.046-06:00] Successfully checked route at http://10.12.192.157:8001/SFCAPI/SFC/UpdateTestLog[0m
[2026-01-07T17:55:30.047-06:00] {'RESULT': 'NG, RESULT FAIL, EC field no data'}[0m
[2026-01-07T17:55:30.047-06:00] [0m
[2026-01-07T17:55:30.047-06:00] [0m
[2026-01-07T17:55:30.047-06:00] G6 PN input: [1A72ELA00-36L-G][0m
[2026-01-07T17:55:30.047-06:00] G6 SN input: [MX-P1A72ELA26020423][0m
[2026-01-07T17:55:30.047-06:00] OPID input: [FXTE123][0m
[2026-01-07T17:55:30.047-06:00] MTF input: [MTF#18-7][0m
[2026-01-07T17:55:30.047-06:00] [0m
[2026-01-07T17:55:30.047-06:00] [0m
